[debug] [2017-10-03T14:52:29.689Z] ----------------------------------------------------------------------
[debug] [2017-10-03T14:52:29.691Z] Command:       /usr/local/bin/node /usr/local/bin/firebase login
[debug] [2017-10-03T14:52:29.691Z] CLI Version:   3.12.0
[debug] [2017-10-03T14:52:29.691Z] Platform:      darwin
[debug] [2017-10-03T14:52:29.691Z] Node Version:  v8.6.0
[debug] [2017-10-03T14:52:29.692Z] Time:          Tue Oct 03 2017 17:52:29 GMT+0300 (EAT)
[debug] [2017-10-03T14:52:29.692Z] ----------------------------------------------------------------------
[debug] 
[info] 
[info] Visit this URL on any device to log in:
[info] https://accounts.google.com/o/oauth2/auth?client_id=563584335869-fgrhgmd47bqnekij5i8b5pr03ho849e6.apps.googleusercontent.com&scope=email%20openid%20https%3A%2F%2Fwww.googleapis.com%2Fauth%2Fcloudplatformprojects.readonly%20https%3A%2F%2Fwww.googleapis.com%2Fauth%2Ffirebase%20https%3A%2F%2Fwww.googleapis.com%2Fauth%2Fcloud-platform&response_type=code&state=391138117&redirect_uri=http%3A%2F%2Flocalhost%3A9005
[info] 
[info] Waiting for authentication...
[debug] [2017-10-03T14:52:45.981Z] >>> HTTP REQUEST POST https://accounts.google.com/o/oauth2/token { code: '4/VAcVp9mEJjPWXQ1t_5-Z2HxX6nt-0LZOQVe3lShcdro',
  client_id: '563584335869-fgrhgmd47bqnekij5i8b5pr03ho849e6.apps.googleusercontent.com',
  client_secret: 'j9iVZfS8kkCEFUPaAeJV0sAi',
  redirect_uri: 'http://localhost:9005',
  grant_type: 'authorization_code' } 
 Tue Oct 03 2017 17:52:45 GMT+0300 (EAT)
[debug] [2017-10-03T14:52:45.990Z] Token Fetch Error: Error
    at FirebaseError (/usr/local/lib/node_modules/firebase-tools/lib/error.js:11:17)
    at Request._callback (/usr/local/lib/node_modules/firebase-tools/lib/api.js:32:23)
    at self.callback (/usr/local/lib/node_modules/firebase-tools/node_modules/request/request.js:186:22)
    at emitOne (events.js:115:13)
    at Request.emit (events.js:210:7)
    at Request.onRequestError (/usr/local/lib/node_modules/firebase-tools/node_modules/request/request.js:878:8)
    at emitOne (events.js:115:13)
    at ClientRequest.emit (events.js:210:7)
    at TLSSocket.socketErrorListener (_http_client.js:401:9)
    at emitOne (events.js:115:13)
